<?xml version="1.0" encoding="UTF-8"?>
<!-- Generated by org.testng.reporters.JUnitReportReporter -->
<testsuite skipped="0" hostname="DESKTOP-UQ5ATUK" name="Academy.Homepage" tests="1" failures="0" timestamp="02 May 2019 06:45:25 GMT" time="34.791" errors="0">
  <testcase name="basePageNavigation" time="34.791" classname="Academy.Homepage"/>
</testsuite> <!-- Academy.Homepage -->
