<?xml version="1.0" encoding="UTF-8"?>
<!-- Generated by org.testng.reporters.JUnitReportReporter -->
<testsuite skipped="0" hostname="DESKTOP-UQ5ATUK" name="Academy.validateNavigation" tests="1" failures="0" timestamp="02 May 2019 06:45:25 GMT" time="1.772" errors="0">
  <testcase name="basePageNavigation" time="1.772" classname="Academy.validateNavigation"/>
</testsuite> <!-- Academy.validateNavigation -->
