<?xml version="1.0" encoding="UTF-8"?>
<!-- Generated by org.testng.reporters.JUnitReportReporter -->
<testsuite skipped="0" hostname="DESKTOP-UQ5ATUK" name="Academy.Homepage" tests="1" failures="0" timestamp="19 Apr 2019 02:34:34 GMT" time="14.870" errors="0">
  <testcase name="basePageNavigation" time="14.870" classname="Academy.Homepage"/>
</testsuite> <!-- Academy.Homepage -->
