<?xml version="1.0" encoding="UTF-8"?>
<!-- Generated by org.testng.reporters.JUnitReportReporter -->
<testsuite skipped="0" hostname="DESKTOP-UQ5ATUK" name="Academy.validateNavigation" tests="1" failures="0" timestamp="19 Apr 2019 02:34:34 GMT" time="0.375" errors="0">
  <testcase name="basePageNavigation" time="0.375" classname="Academy.validateNavigation"/>
</testsuite> <!-- Academy.validateNavigation -->
